[28/02/2024 14:15:32] Chriz745 received 1 LevelXP from CONSOLE. New balance: 1
[28/02/2024 14:20:32] Chriz745 received 1 LevelXP from CONSOLE. New balance: 2
[28/02/2024 14:25:32] Chriz745 received 1 LevelXP from CONSOLE. New balance: 3
[28/02/2024 14:30:32] Chriz745 received 1 LevelXP from CONSOLE. New balance: 4
[28/02/2024 14:35:32] Chriz745 received 1 LevelXP from CONSOLE. New balance: 5
[28/02/2024 14:40:32] Chriz745 received 1 LevelXP from CONSOLE. New balance: 6
[28/02/2024 14:45:32] Chriz745 received 1 LevelXP from CONSOLE. New balance: 7
[28/02/2024 14:50:32] Chriz745 received 1 LevelXP from CONSOLE. New balance: 8
[28/02/2024 14:55:32] Chriz745 received 1 LevelXP from CONSOLE. New balance: 9
[28/02/2024 15:00:32] Chriz745 received 1 LevelXP from CONSOLE. New balance: 10
[28/02/2024 15:05:32] Chriz745 received 1 LevelXP from CONSOLE. New balance: 11
[02/04/2024 17:47:05] Chriz745 received 1 Coins from Chriz745. New balance: 1&7?
[02/04/2024 17:56:45] Chriz745 received 1 LevelXP from CONSOLE. New balance: 12
[02/04/2024 18:01:45] Chriz745 received 1 LevelXP from CONSOLE. New balance: 13
[02/04/2024 18:06:45] Chriz745 received 1 LevelXP from CONSOLE. New balance: 14
[02/04/2024 18:11:45] Chriz745 received 1 LevelXP from CONSOLE. New balance: 15
[02/04/2024 18:16:45] Chriz745 received 1 LevelXP from CONSOLE. New balance: 16
[02/04/2024 18:21:45] Chriz745 received 1 LevelXP from CONSOLE. New balance: 17
[02/04/2024 18:26:45] Chriz745 received 1 LevelXP from CONSOLE. New balance: 18
[02/04/2024 18:31:45] Chriz745 received 1 LevelXP from CONSOLE. New balance: 19
[02/04/2024 18:34:11] Chriz745 received 5 LevelXP from CONSOLE. New balance: 24
[02/04/2024 18:34:11] Chriz745 received 2 LevelXP from CONSOLE. New balance: 26
[02/04/2024 18:36:45] Chriz745 received 1 LevelXP from CONSOLE. New balance: 27
[02/04/2024 18:41:45] Chriz745 received 1 LevelXP from CONSOLE. New balance: 28
[02/04/2024 18:46:45] Chriz745 received 1 LevelXP from CONSOLE. New balance: 29
[02/04/2024 20:17:21] Chriz745 received 1 LevelXP from CONSOLE. New balance: 30
[02/04/2024 20:22:21] Chriz745 received 1 LevelXP from CONSOLE. New balance: 31
[02/04/2024 20:27:21] Chriz745 received 1 LevelXP from CONSOLE. New balance: 32
[02/04/2024 20:32:21] Chriz745 received 1 LevelXP from CONSOLE. New balance: 33
[02/04/2024 20:37:21] Chriz745 received 1 LevelXP from CONSOLE. New balance: 34
[02/04/2024 20:42:21] Chriz745 received 1 LevelXP from CONSOLE. New balance: 35
[02/04/2024 20:47:21] Chriz745 received 1 LevelXP from CONSOLE. New balance: 36
[02/04/2024 20:52:21] Chriz745 received 1 LevelXP from CONSOLE. New balance: 37
[02/04/2024 20:57:21] Chriz745 received 1 LevelXP from CONSOLE. New balance: 38
[02/04/2024 21:02:21] Chriz745 received 1 LevelXP from CONSOLE. New balance: 39
[02/04/2024 21:07:21] Chriz745 received 1 LevelXP from CONSOLE. New balance: 40
[02/04/2024 21:12:21] Chriz745 received 1 LevelXP from CONSOLE. New balance: 41
[02/04/2024 21:17:21] Chriz745 received 1 LevelXP from CONSOLE. New balance: 42
[02/04/2024 21:22:21] Chriz745 received 1 LevelXP from CONSOLE. New balance: 43
[02/04/2024 21:27:21] Chriz745 received 1 LevelXP from CONSOLE. New balance: 44
[02/04/2024 21:32:21] Chriz745 received 1 LevelXP from CONSOLE. New balance: 45
[02/04/2024 21:37:21] Chriz745 received 1 LevelXP from CONSOLE. New balance: 46
[02/04/2024 21:42:21] Chriz745 received 1 LevelXP from CONSOLE. New balance: 47
[02/04/2024 21:52:21] Chriz745 received 1 LevelXP from CONSOLE. New balance: 48
[02/04/2024 21:57:21] Chriz745 received 1 LevelXP from CONSOLE. New balance: 49
[02/04/2024 22:02:21] Chriz745 received 1 LevelXP from CONSOLE. New balance: 50
[02/04/2024 22:07:21] Chriz745 received 1 LevelXP from CONSOLE. New balance: 51
[02/04/2024 22:12:21] Chriz745 received 1 LevelXP from CONSOLE. New balance: 52
[02/04/2024 22:17:21] Chriz745 received 1 LevelXP from CONSOLE. New balance: 53
[02/04/2024 22:22:21] Chriz745 received 1 LevelXP from CONSOLE. New balance: 54
[02/04/2024 22:27:21] Chriz745 received 1 LevelXP from CONSOLE. New balance: 55
[02/04/2024 22:32:21] Chriz745 received 1 LevelXP from CONSOLE. New balance: 56
[02/04/2024 22:37:21] Chriz745 received 1 LevelXP from CONSOLE. New balance: 57
[02/04/2024 22:42:21] Chriz745 received 1 LevelXP from CONSOLE. New balance: 58
[02/04/2024 22:47:21] Chriz745 received 1 LevelXP from CONSOLE. New balance: 59
[02/04/2024 22:52:22] Chriz745 received 1 LevelXP from CONSOLE. New balance: 60
[02/04/2024 22:57:22] Chriz745 received 1 LevelXP from CONSOLE. New balance: 61
[02/04/2024 23:02:22] Chriz745 received 1 LevelXP from CONSOLE. New balance: 62
[02/04/2024 23:07:22] Chriz745 received 1 LevelXP from CONSOLE. New balance: 63
[03/04/2024 02:37:09] Chriz745 received 1 LevelXP from CONSOLE. New balance: 64
[03/04/2024 14:22:30] Chriz745 received 1 LevelXP from CONSOLE. New balance: 65
[03/04/2024 14:27:30] Chriz745 received 1 LevelXP from CONSOLE. New balance: 66
[03/04/2024 14:32:30] Chriz745 received 1 LevelXP from CONSOLE. New balance: 67
[03/04/2024 14:37:30] Chriz745 received 1 LevelXP from CONSOLE. New balance: 68
[03/04/2024 14:42:30] Chriz745 received 1 LevelXP from CONSOLE. New balance: 69
[03/04/2024 14:47:30] Chriz745 received 1 LevelXP from CONSOLE. New balance: 70
[03/04/2024 15:02:01] Chriz745 received 1 LevelXP from CONSOLE. New balance: 71
[03/04/2024 15:10:16] Chriz745 received 1 LevelXP from CONSOLE. New balance: 72
[03/04/2024 15:19:33] Chriz745 received 1 LevelXP from CONSOLE. New balance: 73
[03/04/2024 15:24:24] Chriz745 received 0 LevelXP from Chriz745. New balance: 73
[03/04/2024 15:24:26] Chriz745 received 0 LevelXP from Chriz745. New balance: 73
[03/04/2024 15:24:26] Chriz745 received 0 LevelXP from Chriz745. New balance: 73
[03/04/2024 15:24:27] Chriz745 received 0 LevelXP from Chriz745. New balance: 73
[03/04/2024 15:24:27] Chriz745 received 0 LevelXP from Chriz745. New balance: 73
[03/04/2024 15:24:27] Chriz745 received 0 LevelXP from Chriz745. New balance: 73
[03/04/2024 15:24:28] Chriz745 received 0 LevelXP from Chriz745. New balance: 73
[03/04/2024 15:24:28] Chriz745 received 0 LevelXP from Chriz745. New balance: 73
[03/04/2024 15:24:28] Chriz745 received 0 LevelXP from Chriz745. New balance: 73
[03/04/2024 15:24:29] Chriz745 received 0 LevelXP from Chriz745. New balance: 73
[03/04/2024 15:24:29] Chriz745 received 0 LevelXP from Chriz745. New balance: 73
[03/04/2024 15:24:29] Chriz745 received 0 LevelXP from Chriz745. New balance: 73
[03/04/2024 15:24:30] Chriz745 received 0 LevelXP from Chriz745. New balance: 73
[03/04/2024 15:24:31] Chriz745 received 0 LevelXP from Chriz745. New balance: 73
[03/04/2024 15:24:32] Chriz745 received 0 LevelXP from Chriz745. New balance: 73
[03/04/2024 15:24:32] Chriz745 received 0 LevelXP from Chriz745. New balance: 73
[03/04/2024 15:24:32] Chriz745 received 0 LevelXP from Chriz745. New balance: 73
[03/04/2024 15:24:33] Chriz745 received 1 LevelXP from CONSOLE. New balance: 74
[03/04/2024 15:24:33] Chriz745 received 0 LevelXP from Chriz745. New balance: 74
[03/04/2024 15:24:34] Chriz745 received 0 LevelXP from Chriz745. New balance: 74
[03/04/2024 15:24:34] Chriz745 received 0 LevelXP from Chriz745. New balance: 74
[03/04/2024 15:24:35] Chriz745 received 0 LevelXP from Chriz745. New balance: 74
[03/04/2024 15:24:35] Chriz745 received 0 LevelXP from Chriz745. New balance: 74
[03/04/2024 15:24:36] Chriz745 received 0 LevelXP from Chriz745. New balance: 74
[03/04/2024 15:24:36] Chriz745 received 0 LevelXP from Chriz745. New balance: 74
[03/04/2024 15:24:36] Chriz745 received 0 LevelXP from Chriz745. New balance: 74
[03/04/2024 15:24:37] Chriz745 received 0 LevelXP from Chriz745. New balance: 74
[03/04/2024 15:24:37] Chriz745 received 0 LevelXP from Chriz745. New balance: 74
[03/04/2024 15:24:37] Chriz745 received 0 LevelXP from Chriz745. New balance: 74
[03/04/2024 15:24:38] Chriz745 received 0 LevelXP from Chriz745. New balance: 74
[03/04/2024 15:24:38] Chriz745 received 0 LevelXP from Chriz745. New balance: 74
[03/04/2024 15:24:39] Chriz745 received 0 LevelXP from Chriz745. New balance: 74
[03/04/2024 15:24:39] Chriz745 received 0 LevelXP from Chriz745. New balance: 74
[03/04/2024 15:24:39] Chriz745 received 0 LevelXP from Chriz745. New balance: 74
[03/04/2024 15:24:40] Chriz745 received 0 LevelXP from Chriz745. New balance: 74
[03/04/2024 15:24:40] Chriz745 received 0 LevelXP from Chriz745. New balance: 74
[03/04/2024 15:24:41] Chriz745 received 0 LevelXP from Chriz745. New balance: 74
[03/04/2024 15:24:41] Chriz745 received 0 LevelXP from Chriz745. New balance: 74
[03/04/2024 15:24:42] Chriz745 received 0 LevelXP from Chriz745. New balance: 74
[03/04/2024 15:24:42] Chriz745 received 0 LevelXP from Chriz745. New balance: 74
[03/04/2024 15:24:42] Chriz745 received 0 LevelXP from Chriz745. New balance: 74
[03/04/2024 15:24:43] Chriz745 received 0 LevelXP from Chriz745. New balance: 74
[03/04/2024 15:24:43] Chriz745 received 0 LevelXP from Chriz745. New balance: 74
[03/04/2024 15:24:43] Chriz745 received 0 LevelXP from Chriz745. New balance: 74
[03/04/2024 15:24:44] Chriz745 received 0 LevelXP from Chriz745. New balance: 74
[03/04/2024 15:24:44] Chriz745 received 0 LevelXP from Chriz745. New balance: 74
[03/04/2024 15:24:45] Chriz745 received 0 LevelXP from Chriz745. New balance: 74
[03/04/2024 15:24:45] Chriz745 received 0 LevelXP from Chriz745. New balance: 74
[03/04/2024 15:24:46] Chriz745 received 0 LevelXP from Chriz745. New balance: 74
[03/04/2024 15:24:46] Chriz745 received 0 LevelXP from Chriz745. New balance: 74
[03/04/2024 15:24:46] Chriz745 received 0 LevelXP from Chriz745. New balance: 74
[03/04/2024 15:24:47] Chriz745 received 0 LevelXP from Chriz745. New balance: 74
[03/04/2024 15:24:48] Chriz745 received 1 LevelXP from Chriz745. New balance: 75
[03/04/2024 15:24:51] Chriz745 received 0 LevelXP from Chriz745. New balance: 75
[03/04/2024 15:24:51] Chriz745 received 0 LevelXP from Chriz745. New balance: 75
[03/04/2024 15:24:52] Chriz745 received 0 LevelXP from Chriz745. New balance: 75
[03/04/2024 15:24:54] Chriz745 received 0 LevelXP from Chriz745. New balance: 75
[03/04/2024 15:24:54] Chriz745 received 0 LevelXP from Chriz745. New balance: 75
[03/04/2024 15:24:55] Chriz745 received 0 LevelXP from Chriz745. New balance: 75
[03/04/2024 15:24:55] Chriz745 received 0 LevelXP from Chriz745. New balance: 75
[03/04/2024 15:24:56] Chriz745 received 1 LevelXP from Chriz745. New balance: 76
[03/04/2024 15:24:57] Chriz745 received 1 LevelXP from Chriz745. New balance: 77
[03/04/2024 15:24:57] Chriz745 received 1 LevelXP from Chriz745. New balance: 78
[03/04/2024 15:24:57] Chriz745 received 1 LevelXP from Chriz745. New balance: 79
[03/04/2024 15:29:33] Chriz745 received 1 LevelXP from CONSOLE. New balance: 80
[03/04/2024 15:42:12] Chriz745 received 1 LevelXP from CONSOLE. New balance: 81
[03/04/2024 15:47:12] Chriz745 received 1 LevelXP from CONSOLE. New balance: 82
[03/04/2024 15:52:12] Chriz745 received 1 LevelXP from CONSOLE. New balance: 83
[03/04/2024 15:57:12] Chriz745 received 1 LevelXP from CONSOLE. New balance: 84
[03/04/2024 16:02:12] Chriz745 received 1 LevelXP from CONSOLE. New balance: 85
[03/04/2024 16:11:42] Chriz745 received 1 LevelXP from CONSOLE. New balance: 86
[03/04/2024 16:16:42] Chriz745 received 1 LevelXP from CONSOLE. New balance: 87
[03/04/2024 16:21:42] Chriz745 received 1 LevelXP from CONSOLE. New balance: 88
[03/04/2024 16:26:42] Chriz745 received 1 LevelXP from CONSOLE. New balance: 89
[03/04/2024 16:31:42] Chriz745 received 1 LevelXP from CONSOLE. New balance: 90
[03/04/2024 16:36:42] Chriz745 received 1 LevelXP from CONSOLE. New balance: 91
[03/04/2024 16:41:42] Chriz745 received 1 LevelXP from CONSOLE. New balance: 92
[03/04/2024 16:46:42] Chriz745 received 1 LevelXP from CONSOLE. New balance: 93
[03/04/2024 16:51:42] Chriz745 received 1 LevelXP from CONSOLE. New balance: 94
[03/04/2024 16:56:42] Chriz745 received 1 LevelXP from CONSOLE. New balance: 95
[03/04/2024 17:01:42] Chriz745 received 1 LevelXP from CONSOLE. New balance: 96
[03/04/2024 17:06:42] Chriz745 received 1 LevelXP from CONSOLE. New balance: 97
[03/04/2024 17:11:42] Chriz745 received 1 LevelXP from CONSOLE. New balance: 98
[03/04/2024 17:16:42] Chriz745 received 1 LevelXP from CONSOLE. New balance: 99
[03/04/2024 17:21:42] Chriz745 received 1 LevelXP from CONSOLE. New balance: 100
[03/04/2024 17:26:42] Chriz745 received 1 LevelXP from CONSOLE. New balance: 101
[03/04/2024 17:31:42] Chriz745 received 1 LevelXP from CONSOLE. New balance: 102
[03/04/2024 17:36:42] Chriz745 received 1 LevelXP from CONSOLE. New balance: 103
[03/04/2024 17:41:42] Chriz745 received 1 LevelXP from CONSOLE. New balance: 104
[03/04/2024 17:46:42] Chriz745 received 1 LevelXP from CONSOLE. New balance: 105
[03/04/2024 17:51:42] Chriz745 received 1 LevelXP from CONSOLE. New balance: 106
[03/04/2024 17:56:42] Chriz745 received 1 LevelXP from CONSOLE. New balance: 107
[03/04/2024 18:01:42] Chriz745 received 1 LevelXP from CONSOLE. New balance: 108
[03/04/2024 18:06:42] Chriz745 received 1 LevelXP from CONSOLE. New balance: 109
[03/04/2024 18:11:42] Chriz745 received 1 LevelXP from CONSOLE. New balance: 110
[03/04/2024 18:16:42] Chriz745 received 1 LevelXP from CONSOLE. New balance: 111
[03/04/2024 18:21:42] Chriz745 received 1 LevelXP from CONSOLE. New balance: 112
[03/04/2024 18:26:42] Chriz745 received 1 LevelXP from CONSOLE. New balance: 113
[03/04/2024 18:36:42] Chriz745 received 1 LevelXP from CONSOLE. New balance: 114
[03/04/2024 18:41:42] Chriz745 received 1 LevelXP from CONSOLE. New balance: 115
[03/04/2024 18:46:42] Chriz745 received 1 LevelXP from CONSOLE. New balance: 116
[03/04/2024 18:51:42] Chriz745 received 1 LevelXP from CONSOLE. New balance: 117
[03/04/2024 18:56:42] Chriz745 received 1 LevelXP from CONSOLE. New balance: 118
[03/04/2024 19:06:42] Chriz745 received 1 LevelXP from CONSOLE. New balance: 119
[03/04/2024 19:16:42] Chriz745 received 1 LevelXP from CONSOLE. New balance: 120
[03/04/2024 19:21:42] Chriz745 received 1 LevelXP from CONSOLE. New balance: 121
[03/04/2024 19:26:42] Chriz745 received 1 LevelXP from CONSOLE. New balance: 122
[03/04/2024 19:31:42] Chriz745 received 1 LevelXP from CONSOLE. New balance: 123
[03/04/2024 19:36:42] Chriz745 received 1 LevelXP from CONSOLE. New balance: 124
[03/04/2024 21:31:42] Chriz745 received 1 LevelXP from CONSOLE. New balance: 125
[03/04/2024 21:46:42] Chriz745 received 1 LevelXP from CONSOLE. New balance: 126
[03/04/2024 21:51:42] Chriz745 received 1 LevelXP from CONSOLE. New balance: 127
[03/04/2024 21:56:42] Chriz745 received 1 LevelXP from CONSOLE. New balance: 128
[03/04/2024 22:01:42] Chriz745 received 1 LevelXP from CONSOLE. New balance: 129
[03/04/2024 22:06:42] Chriz745 received 1 LevelXP from CONSOLE. New balance: 130
[03/04/2024 22:11:42] Chriz745 received 1 LevelXP from CONSOLE. New balance: 131
[03/04/2024 22:16:42] Chriz745 received 1 LevelXP from CONSOLE. New balance: 132
[03/04/2024 22:21:42] Chriz745 received 1 LevelXP from CONSOLE. New balance: 133
[03/04/2024 22:26:42] Chriz745 received 1 LevelXP from CONSOLE. New balance: 134
[03/04/2024 22:31:42] Chriz745 received 1 LevelXP from CONSOLE. New balance: 135
[03/04/2024 22:36:42] Chriz745 received 1 LevelXP from CONSOLE. New balance: 136
[03/04/2024 22:41:42] Chriz745 received 1 LevelXP from CONSOLE. New balance: 137
[03/04/2024 22:46:42] Chriz745 received 1 LevelXP from CONSOLE. New balance: 138
[03/04/2024 22:51:42] Chriz745 received 1 LevelXP from CONSOLE. New balance: 139
[03/04/2024 22:56:42] Chriz745 received 1 LevelXP from CONSOLE. New balance: 140
[03/04/2024 23:01:42] Chriz745 received 1 LevelXP from CONSOLE. New balance: 141
[03/04/2024 23:06:42] Chriz745 received 1 LevelXP from CONSOLE. New balance: 142
[03/04/2024 23:11:42] Chriz745 received 1 LevelXP from CONSOLE. New balance: 143
[03/04/2024 23:16:42] Chriz745 received 1 LevelXP from CONSOLE. New balance: 144
[03/04/2024 23:21:42] Chriz745 received 1 LevelXP from CONSOLE. New balance: 145
[03/04/2024 23:26:42] Chriz745 received 1 LevelXP from CONSOLE. New balance: 146
[03/04/2024 23:31:42] Chriz745 received 1 LevelXP from CONSOLE. New balance: 147
[03/04/2024 23:36:42] Chriz745 received 1 LevelXP from CONSOLE. New balance: 148
[03/04/2024 23:46:42] Chriz745 received 1 LevelXP from CONSOLE. New balance: 149
[03/04/2024 23:51:42] Chriz745 received 1 LevelXP from CONSOLE. New balance: 150
[03/04/2024 23:56:42] Chriz745 received 1 LevelXP from CONSOLE. New balance: 151
[04/04/2024 00:01:42] Chriz745 received 1 LevelXP from CONSOLE. New balance: 152
[04/04/2024 00:06:42] Chriz745 received 1 LevelXP from CONSOLE. New balance: 153
[04/04/2024 00:11:42] Chriz745 received 1 LevelXP from CONSOLE. New balance: 154
[04/04/2024 00:16:42] Chriz745 received 1 LevelXP from CONSOLE. New balance: 155
[04/04/2024 00:21:42] Chriz745 received 1 LevelXP from CONSOLE. New balance: 156
[04/04/2024 00:26:42] Chriz745 received 1 LevelXP from CONSOLE. New balance: 157
[04/04/2024 12:25:01] Chriz745 received 1 LevelXP from CONSOLE. New balance: 158
[04/04/2024 12:32:10] Chriz745 received 1 LevelXP from CONSOLE. New balance: 159
[04/04/2024 12:40:51] Chriz745 received 1 LevelXP from CONSOLE. New balance: 160
[04/04/2024 12:50:51] Chriz745 received 1 LevelXP from CONSOLE. New balance: 161
[04/04/2024 12:55:51] Chriz745 received 1 LevelXP from CONSOLE. New balance: 162
[04/04/2024 13:00:51] Chriz745 received 1 LevelXP from CONSOLE. New balance: 163
[04/04/2024 13:05:51] Chriz745 received 1 LevelXP from CONSOLE. New balance: 164
[04/04/2024 13:15:35] Chriz745 received 1 LevelXP from CONSOLE. New balance: 165
[04/04/2024 13:20:35] Chriz745 received 1 LevelXP from CONSOLE. New balance: 166
[04/04/2024 13:30:37] Chriz745 received 1 LevelXP from CONSOLE. New balance: 167
[04/04/2024 13:49:12] Chriz745 received 1 LevelXP from CONSOLE. New balance: 168
[04/04/2024 13:54:12] Chriz745 received 1 LevelXP from CONSOLE. New balance: 169
[04/04/2024 13:59:12] Chriz745 received 1 LevelXP from CONSOLE. New balance: 170
[04/04/2024 14:04:12] Chriz745 received 1 LevelXP from CONSOLE. New balance: 171
[04/04/2024 14:09:12] Chriz745 received 1 LevelXP from CONSOLE. New balance: 172
[04/04/2024 14:14:12] Chriz745 received 1 LevelXP from CONSOLE. New balance: 173
[04/04/2024 14:19:12] Chriz745 received 1 LevelXP from CONSOLE. New balance: 174
[04/04/2024 14:24:12] Chriz745 received 1 LevelXP from CONSOLE. New balance: 175
[04/04/2024 14:57:17] Chriz745 received 1 LevelXP from CONSOLE. New balance: 176
[04/04/2024 15:02:17] Chriz745 received 1 LevelXP from CONSOLE. New balance: 177
[04/04/2024 15:07:17] Chriz745 received 1 LevelXP from CONSOLE. New balance: 178
[04/04/2024 15:12:17] Chriz745 received 1 LevelXP from CONSOLE. New balance: 179
[04/04/2024 15:22:17] Chriz745 received 1 LevelXP from CONSOLE. New balance: 180
[04/04/2024 15:27:17] Chriz745 received 1 LevelXP from CONSOLE. New balance: 181
[04/04/2024 15:32:17] Chriz745 received 1 LevelXP from CONSOLE. New balance: 182
[04/04/2024 15:37:17] Chriz745 received 1 LevelXP from CONSOLE. New balance: 183
[04/04/2024 15:42:17] Chriz745 received 1 LevelXP from CONSOLE. New balance: 184
[04/04/2024 15:47:17] Chriz745 received 1 LevelXP from CONSOLE. New balance: 185
[04/04/2024 15:52:17] Chriz745 received 1 LevelXP from CONSOLE. New balance: 186
[04/04/2024 15:57:17] Chriz745 received 1 LevelXP from CONSOLE. New balance: 187
[04/04/2024 16:02:17] Chriz745 received 1 LevelXP from CONSOLE. New balance: 188
[04/04/2024 16:07:17] Chriz745 received 1 LevelXP from CONSOLE. New balance: 189
[04/04/2024 16:12:17] Chriz745 received 1 LevelXP from CONSOLE. New balance: 190
[04/04/2024 16:17:17] Chriz745 received 1 LevelXP from CONSOLE. New balance: 191
[04/04/2024 16:22:17] Chriz745 received 1 LevelXP from CONSOLE. New balance: 192
[04/04/2024 16:27:17] Chriz745 received 1 LevelXP from CONSOLE. New balance: 193
[04/04/2024 16:32:17] Chriz745 received 1 LevelXP from CONSOLE. New balance: 194
[04/04/2024 16:37:17] Chriz745 received 1 LevelXP from CONSOLE. New balance: 195
[04/04/2024 16:42:17] Chriz745 received 1 LevelXP from CONSOLE. New balance: 196
[04/04/2024 16:47:17] Chriz745 received 1 LevelXP from CONSOLE. New balance: 197
[04/04/2024 16:52:17] Chriz745 received 1 LevelXP from CONSOLE. New balance: 198
[04/04/2024 16:57:17] Chriz745 received 1 LevelXP from CONSOLE. New balance: 199
[04/04/2024 17:02:17] Chriz745 received 1 LevelXP from CONSOLE. New balance: 200
[04/04/2024 17:07:17] Chriz745 received 1 LevelXP from CONSOLE. New balance: 201
[04/04/2024 21:27:17] Chriz745 received 1 LevelXP from CONSOLE. New balance: 202
[04/04/2024 21:32:17] Chriz745 received 1 LevelXP from CONSOLE. New balance: 203
[04/04/2024 21:37:17] Chriz745 received 1 LevelXP from CONSOLE. New balance: 204
[04/04/2024 21:47:17] Chriz745 received 1 LevelXP from CONSOLE. New balance: 205
[04/04/2024 21:52:17] Chriz745 received 1 LevelXP from CONSOLE. New balance: 206
[04/04/2024 21:57:17] Chriz745 received 1 LevelXP from CONSOLE. New balance: 207
[04/04/2024 22:02:17] Chriz745 received 1 LevelXP from CONSOLE. New balance: 208
[04/04/2024 22:07:17] Chriz745 received 1 LevelXP from CONSOLE. New balance: 209
[04/04/2024 22:12:17] Chriz745 received 1 LevelXP from CONSOLE. New balance: 210
[04/04/2024 22:17:17] Chriz745 received 1 LevelXP from CONSOLE. New balance: 211
[04/04/2024 22:22:17] Chriz745 received 1 LevelXP from CONSOLE. New balance: 212
[04/04/2024 22:27:17] Chriz745 received 1 LevelXP from CONSOLE. New balance: 213
[04/04/2024 22:32:17] Chriz745 received 1 LevelXP from CONSOLE. New balance: 214
[04/04/2024 22:37:17] Chriz745 received 1 LevelXP from CONSOLE. New balance: 215
[04/04/2024 22:42:19] Chriz745 received 1 LevelXP from CONSOLE. New balance: 216
[04/04/2024 22:47:19] Chriz745 received 1 LevelXP from CONSOLE. New balance: 217
[04/04/2024 22:52:19] Chriz745 received 1 LevelXP from CONSOLE. New balance: 218
[04/04/2024 22:57:19] Chriz745 received 1 LevelXP from CONSOLE. New balance: 219
[04/04/2024 23:02:19] Chriz745 received 1 LevelXP from CONSOLE. New balance: 220
[04/04/2024 23:07:19] Chriz745 received 1 LevelXP from CONSOLE. New balance: 221
[04/04/2024 23:12:19] Chriz745 received 1 LevelXP from CONSOLE. New balance: 222
[04/04/2024 23:17:19] Chriz745 received 1 LevelXP from CONSOLE. New balance: 223
[04/04/2024 23:22:19] Chriz745 received 1 LevelXP from CONSOLE. New balance: 224
[04/04/2024 23:27:19] Chriz745 received 1 LevelXP from CONSOLE. New balance: 225
[04/04/2024 23:32:19] Chriz745 received 1 LevelXP from CONSOLE. New balance: 226
[04/04/2024 23:37:19] Chriz745 received 1 LevelXP from CONSOLE. New balance: 227
[04/04/2024 23:42:19] Chriz745 received 1 LevelXP from CONSOLE. New balance: 228
[04/04/2024 23:47:19] Chriz745 received 1 LevelXP from CONSOLE. New balance: 229
[04/04/2024 23:52:19] Chriz745 received 1 LevelXP from CONSOLE. New balance: 230
[04/04/2024 23:57:19] Chriz745 received 1 LevelXP from CONSOLE. New balance: 231
[05/04/2024 00:02:19] Chriz745 received 1 LevelXP from CONSOLE. New balance: 232
[05/04/2024 00:07:19] Chriz745 received 1 LevelXP from CONSOLE. New balance: 233
[05/04/2024 00:12:19] Chriz745 received 1 LevelXP from CONSOLE. New balance: 234
[05/04/2024 00:17:19] Chriz745 received 1 LevelXP from CONSOLE. New balance: 235
[05/04/2024 00:22:19] Chriz745 received 1 LevelXP from CONSOLE. New balance: 236
[05/04/2024 00:33:31] Chriz745 received 1 LevelXP from CONSOLE. New balance: 237
[05/04/2024 00:38:31] Chriz745 received 1 LevelXP from CONSOLE. New balance: 238
[05/04/2024 00:43:31] Chriz745 received 1 LevelXP from CONSOLE. New balance: 239
[05/04/2024 00:48:31] Chriz745 received 1 LevelXP from CONSOLE. New balance: 240
[05/04/2024 00:53:31] Chriz745 received 1 LevelXP from CONSOLE. New balance: 241
[05/04/2024 00:58:31] Chriz745 received 1 LevelXP from CONSOLE. New balance: 242
[05/04/2024 01:03:31] Chriz745 received 1 LevelXP from CONSOLE. New balance: 243
[05/04/2024 01:08:31] Chriz745 received 1 LevelXP from CONSOLE. New balance: 244
[05/04/2024 01:12:51] Chriz745 received 50 Coins from CONSOLE. New balance: 51&7?
[05/04/2024 01:13:31] Chriz745 received 1 LevelXP from CONSOLE. New balance: 245
[05/04/2024 01:18:38] Chriz745 received 1,000 Coins from Chriz745. New balance: 1,051&7?
[05/04/2024 01:18:41] Chriz745 lost 600 Coins by CONSOLE. New balance: 451&7?
[05/04/2024 01:21:56] Chriz745 received 1 LevelXP from CONSOLE. New balance: 246
[05/04/2024 01:26:56] Chriz745 received 1 LevelXP from CONSOLE. New balance: 247
[05/04/2024 01:31:56] Chriz745 received 1 LevelXP from CONSOLE. New balance: 248
[05/04/2024 01:34:14] Chriz745 received 2 LevelXP from CONSOLE. New balance: 250
[05/04/2024 01:36:56] Chriz745 received 1 LevelXP from CONSOLE. New balance: 251
[05/04/2024 01:41:56] Chriz745 received 1 LevelXP from CONSOLE. New balance: 252
[05/04/2024 01:46:56] Chriz745 received 1 LevelXP from CONSOLE. New balance: 253
[05/04/2024 01:51:56] Chriz745 received 1 LevelXP from CONSOLE. New balance: 254
[05/04/2024 01:56:56] Chriz745 received 1 LevelXP from CONSOLE. New balance: 255
[05/04/2024 14:11:41] Chriz745's Coins balance set to 0 by Chriz745. New balance: 0&7?
[05/04/2024 14:13:29] Chriz745 received 1 LevelXP from CONSOLE. New balance: 256
[05/04/2024 14:13:29] HuskiDK received 1 LevelXP from CONSOLE. New balance: 1
[05/04/2024 14:28:28] Chriz745 received 1 LevelXP from CONSOLE. New balance: 257
[05/04/2024 14:28:28] HuskiDK received 1 LevelXP from CONSOLE. New balance: 2
[05/04/2024 14:33:28] Chriz745 received 1 LevelXP from CONSOLE. New balance: 258
[05/04/2024 14:33:28] HuskiDK received 1 LevelXP from CONSOLE. New balance: 3
[05/04/2024 14:38:28] Chriz745 received 1 LevelXP from CONSOLE. New balance: 259
[05/04/2024 14:38:28] HuskiDK received 1 LevelXP from CONSOLE. New balance: 4
[05/04/2024 14:43:28] Chriz745 received 1 LevelXP from CONSOLE. New balance: 260
[05/04/2024 14:43:28] HuskiDK received 1 LevelXP from CONSOLE. New balance: 5
[05/04/2024 14:47:26] Chriz745 received 1 LevelXP from CONSOLE. New balance: 261
[05/04/2024 14:47:28] Chriz745 received 1 LevelXP from CONSOLE. New balance: 262
[05/04/2024 14:47:29] Chriz745 received 1 LevelXP from CONSOLE. New balance: 263
[05/04/2024 14:47:33] Chriz745 received 1 LevelXP from CONSOLE. New balance: 264
[05/04/2024 14:48:28] Chriz745 received 1 LevelXP from CONSOLE. New balance: 265
[05/04/2024 14:48:28] HuskiDK received 1 LevelXP from CONSOLE. New balance: 6
[05/04/2024 14:51:26] Chriz745 received 2 LevelXP from CONSOLE. New balance: 267
[05/04/2024 14:53:28] HuskiDK received 1 LevelXP from CONSOLE. New balance: 7
[05/04/2024 14:53:28] Chriz745 received 1 LevelXP from CONSOLE. New balance: 268
[05/04/2024 14:55:10] Chriz745 received 2 LevelXP from CONSOLE. New balance: 270
[05/04/2024 14:55:12] Chriz745 received 2 LevelXP from CONSOLE. New balance: 272
[05/04/2024 14:55:13] Chriz745 received 2 LevelXP from CONSOLE. New balance: 274
[05/04/2024 14:58:28] HuskiDK received 1 LevelXP from CONSOLE. New balance: 8
[05/04/2024 14:58:28] Chriz745 received 1 LevelXP from CONSOLE. New balance: 275
[05/04/2024 15:03:28] HuskiDK received 1 LevelXP from CONSOLE. New balance: 9
[05/04/2024 15:03:28] Chriz745 received 1 LevelXP from CONSOLE. New balance: 276
[05/04/2024 15:08:28] HuskiDK received 1 LevelXP from CONSOLE. New balance: 10
[05/04/2024 15:08:28] Chriz745 received 1 LevelXP from CONSOLE. New balance: 277
[05/04/2024 15:13:28] HuskiDK received 1 LevelXP from CONSOLE. New balance: 11
[05/04/2024 15:13:28] Chriz745 received 1 LevelXP from CONSOLE. New balance: 278
[05/04/2024 15:18:28] HuskiDK received 1 LevelXP from CONSOLE. New balance: 12
[05/04/2024 15:18:28] Chriz745 received 1 LevelXP from CONSOLE. New balance: 279
[05/04/2024 15:23:28] HuskiDK received 1 LevelXP from CONSOLE. New balance: 13
[05/04/2024 15:23:28] Chriz745 received 1 LevelXP from CONSOLE. New balance: 280
[05/04/2024 15:28:28] HuskiDK received 1 LevelXP from CONSOLE. New balance: 14
[05/04/2024 15:28:28] Chriz745 received 1 LevelXP from CONSOLE. New balance: 281
[05/04/2024 15:33:28] HuskiDK received 1 LevelXP from CONSOLE. New balance: 15
[05/04/2024 15:33:28] Chriz745 received 1 LevelXP from CONSOLE. New balance: 282
[05/04/2024 15:38:28] HuskiDK received 1 LevelXP from CONSOLE. New balance: 16
[05/04/2024 15:38:28] Chriz745 received 1 LevelXP from CONSOLE. New balance: 283
[05/04/2024 15:43:28] HuskiDK received 1 LevelXP from CONSOLE. New balance: 17
[05/04/2024 15:43:28] Chriz745 received 1 LevelXP from CONSOLE. New balance: 284
[05/04/2024 15:44:38] Chriz745 received 1 LevelXP from CONSOLE. New balance: 285
[05/04/2024 15:44:45] Chriz745 received 1 LevelXP from CONSOLE. New balance: 286
[05/04/2024 15:48:28] HuskiDK received 1 LevelXP from CONSOLE. New balance: 18
[05/04/2024 15:48:28] Chriz745 received 1 LevelXP from CONSOLE. New balance: 287
[05/04/2024 15:49:27] Chriz745 received 1 LevelXP from CONSOLE. New balance: 288
[05/04/2024 15:53:28] HuskiDK received 1 LevelXP from CONSOLE. New balance: 19
[05/04/2024 15:53:28] Chriz745 received 1 LevelXP from CONSOLE. New balance: 289
[05/04/2024 15:54:06] HuskiDK received 2 LevelXP from CONSOLE. New balance: 21
[05/04/2024 15:58:12] HuskiDK received 2 LevelXP from CONSOLE. New balance: 23
[05/04/2024 15:58:28] Chriz745 received 1 LevelXP from CONSOLE. New balance: 290
[05/04/2024 15:58:28] HuskiDK received 1 LevelXP from CONSOLE. New balance: 24
[05/04/2024 16:02:18] HuskiDK received 2 LevelXP from CONSOLE. New balance: 26
[05/04/2024 16:03:05] HuskiDK received 1 LevelXP from CONSOLE. New balance: 27
[05/04/2024 16:03:06] HuskiDK received 1 Coins from CONSOLE. New balance: 1&7?
[05/04/2024 16:03:06] HuskiDK received 5 Coins from CONSOLE. New balance: 6&7?
[05/04/2024 16:03:07] HuskiDK received 25 Coins from CONSOLE. New balance: 31&7?
[05/04/2024 16:03:28] Chriz745 received 1 LevelXP from CONSOLE. New balance: 291
[05/04/2024 16:03:28] HuskiDK received 1 LevelXP from CONSOLE. New balance: 28
[05/04/2024 16:09:26] Chriz745 received 1 LevelXP from CONSOLE. New balance: 292
[05/04/2024 16:09:26] HuskiDK received 1 LevelXP from CONSOLE. New balance: 29
[05/04/2024 16:13:06] HuskiDK received 1 LevelXP from CONSOLE. New balance: 30
[05/04/2024 16:13:39] HuskiDK received 1 LevelXP from CONSOLE. New balance: 31
[05/04/2024 16:16:27] Chriz745 received 1 LevelXP from CONSOLE. New balance: 293
[05/04/2024 16:16:27] HuskiDK received 1 LevelXP from CONSOLE. New balance: 32
[05/04/2024 16:21:27] HuskiDK received 1 LevelXP from CONSOLE. New balance: 33
[05/04/2024 16:21:27] Chriz745 received 1 LevelXP from CONSOLE. New balance: 294
[05/04/2024 19:09:40] Chriz745 received 1 LevelXP from CONSOLE. New balance: 295
[05/04/2024 19:14:40] Chriz745 received 1 LevelXP from CONSOLE. New balance: 296
[05/04/2024 19:19:40] Chriz745 received 1 LevelXP from CONSOLE. New balance: 297
[05/04/2024 19:24:40] Chriz745 received 1 LevelXP from CONSOLE. New balance: 298
[05/04/2024 19:29:40] Chriz745 received 1 LevelXP from CONSOLE. New balance: 299
[05/04/2024 19:34:40] Chriz745 received 1 LevelXP from CONSOLE. New balance: 300
[05/04/2024 19:39:40] Chriz745 received 1 LevelXP from CONSOLE. New balance: 301
[05/04/2024 19:44:40] Chriz745 received 1 LevelXP from CONSOLE. New balance: 302
[05/04/2024 19:49:40] Chriz745 received 1 LevelXP from CONSOLE. New balance: 303
[05/04/2024 19:54:40] Chriz745 received 1 LevelXP from CONSOLE. New balance: 304
[05/04/2024 19:59:40] Chriz745 received 1 LevelXP from CONSOLE. New balance: 305
[05/04/2024 20:04:40] Chriz745 received 1 LevelXP from CONSOLE. New balance: 306
[05/04/2024 20:09:40] Chriz745 received 1 LevelXP from CONSOLE. New balance: 307
[05/04/2024 20:14:40] Chriz745 received 1 LevelXP from CONSOLE. New balance: 308
[05/04/2024 20:19:40] Chriz745 received 1 LevelXP from CONSOLE. New balance: 309
[05/04/2024 20:24:40] Chriz745 received 1 LevelXP from CONSOLE. New balance: 310
[05/04/2024 20:29:40] Chriz745 received 1 LevelXP from CONSOLE. New balance: 311
[05/04/2024 20:34:40] Chriz745 received 1 LevelXP from CONSOLE. New balance: 312
[05/04/2024 20:39:40] Chriz745 received 1 LevelXP from CONSOLE. New balance: 313
[05/04/2024 20:44:40] Chriz745 received 1 LevelXP from CONSOLE. New balance: 314
[05/04/2024 20:49:40] Chriz745 received 1 LevelXP from CONSOLE. New balance: 315
[05/04/2024 20:54:40] Chriz745 received 1 LevelXP from CONSOLE. New balance: 316
[05/04/2024 20:59:40] Chriz745 received 1 LevelXP from CONSOLE. New balance: 317
[05/04/2024 21:04:40] Chriz745 received 1 LevelXP from CONSOLE. New balance: 318
[05/04/2024 21:09:40] Chriz745 received 1 LevelXP from CONSOLE. New balance: 319
[05/04/2024 21:14:40] Chriz745 received 1 LevelXP from CONSOLE. New balance: 320
[05/04/2024 21:19:40] Chriz745 received 1 LevelXP from CONSOLE. New balance: 321
[05/04/2024 21:24:40] Chriz745 received 1 LevelXP from CONSOLE. New balance: 322
[05/04/2024 21:29:40] Chriz745 received 1 LevelXP from CONSOLE. New balance: 323
[05/04/2024 21:34:40] Chriz745 received 1 LevelXP from CONSOLE. New balance: 324
[05/04/2024 21:39:40] Chriz745 received 1 LevelXP from CONSOLE. New balance: 325
[05/04/2024 21:44:40] Chriz745 received 1 LevelXP from CONSOLE. New balance: 326
[05/04/2024 21:49:40] Chriz745 received 1 LevelXP from CONSOLE. New balance: 327
[05/04/2024 21:54:40] Chriz745 received 1 LevelXP from CONSOLE. New balance: 328
[05/04/2024 21:59:40] Chriz745 received 1 LevelXP from CONSOLE. New balance: 329
[05/04/2024 22:04:40] Chriz745 received 1 LevelXP from CONSOLE. New balance: 330
[05/04/2024 22:09:40] Chriz745 received 1 LevelXP from CONSOLE. New balance: 331
[05/04/2024 22:14:40] Chriz745 received 1 LevelXP from CONSOLE. New balance: 332
[05/04/2024 22:19:40] Chriz745 received 1 LevelXP from CONSOLE. New balance: 333
[05/04/2024 22:24:40] Chriz745 received 1 LevelXP from CONSOLE. New balance: 334
[05/04/2024 22:29:40] Chriz745 received 1 LevelXP from CONSOLE. New balance: 335
[05/04/2024 22:34:40] Chriz745 received 1 LevelXP from CONSOLE. New balance: 336
[05/04/2024 22:39:40] Chriz745 received 1 LevelXP from CONSOLE. New balance: 337
[05/04/2024 22:44:40] Chriz745 received 1 LevelXP from CONSOLE. New balance: 338
[05/04/2024 22:49:40] Chriz745 received 1 LevelXP from CONSOLE. New balance: 339
[05/04/2024 22:54:40] Chriz745 received 1 LevelXP from CONSOLE. New balance: 340
[06/04/2024 15:07:50] Chriz745 received 1 LevelXP from CONSOLE. New balance: 341
[06/04/2024 15:12:50] Chriz745 received 1 LevelXP from CONSOLE. New balance: 342
[06/04/2024 15:17:54] Chriz745 received 1 LevelXP from CONSOLE. New balance: 343
[06/04/2024 15:22:54] Chriz745 received 1 LevelXP from CONSOLE. New balance: 344
[06/04/2024 15:27:54] Chriz745 received 1 LevelXP from CONSOLE. New balance: 345
[06/04/2024 15:32:54] Chriz745 received 1 LevelXP from CONSOLE. New balance: 346
[06/04/2024 15:37:54] Chriz745 received 1 LevelXP from CONSOLE. New balance: 347
[06/04/2024 15:42:54] Chriz745 received 1 LevelXP from CONSOLE. New balance: 348
[06/04/2024 15:47:54] Chriz745 received 1 LevelXP from CONSOLE. New balance: 349
[06/04/2024 15:52:54] Chriz745 received 1 LevelXP from CONSOLE. New balance: 350
[06/04/2024 15:57:54] Chriz745 received 1 LevelXP from CONSOLE. New balance: 351
[06/04/2024 16:02:54] Chriz745 received 1 LevelXP from CONSOLE. New balance: 352
[06/04/2024 18:07:20] Chriz745 received 1 LevelXP from CONSOLE. New balance: 1
[06/04/2024 18:12:20] Chriz745 received 1 LevelXP from CONSOLE. New balance: 2
[06/04/2024 18:15:49] Chriz745 received 1 Coins from Chriz745. New balance: 1&7?
[06/04/2024 18:15:51] Chriz745 received 1 Coins from Chriz745. New balance: 2&7?
[17/04/2024 18:54:43] Chriz745 received 1 LevelXP from CONSOLE. New balance: 3
[18/04/2024 13:18:48] Chriz745 received 1 LevelXP from CONSOLE. New balance: 4
[17/05/2024 14:33:48] Chriz745 received 1 LevelXP from CONSOLE. New balance: 5
[17/05/2024 14:33:51] Chriz745 received 1 LevelXP from CONSOLE. New balance: 6
[17/05/2024 14:33:52] Chriz745 received 1 LevelXP from CONSOLE. New balance: 7
[17/05/2024 14:33:58] Chriz745 received 1 LevelXP from CONSOLE. New balance: 8
[17/05/2024 14:34:00] Chriz745 received 1 LevelXP from CONSOLE. New balance: 9
[17/05/2024 14:34:02] Chriz745 received 1 LevelXP from CONSOLE. New balance: 10
[17/05/2024 14:34:05] Chriz745 received 1 LevelXP from CONSOLE. New balance: 11
[17/05/2024 14:34:06] Chriz745 received 1 LevelXP from CONSOLE. New balance: 12
[17/05/2024 14:34:09] Chriz745 received 1 LevelXP from CONSOLE. New balance: 13
[17/05/2024 14:34:10] Chriz745 received 1 LevelXP from CONSOLE. New balance: 14
[17/05/2024 14:34:12] Chriz745 received 1 LevelXP from CONSOLE. New balance: 15
[17/05/2024 14:34:13] Chriz745 received 1 LevelXP from CONSOLE. New balance: 16
[17/05/2024 14:34:35] Chriz745 received 2 LevelXP from CONSOLE. New balance: 18
[17/05/2024 14:35:27] Chriz745 received 1 LevelXP from CONSOLE. New balance: 19
[31/07/2024 13:35:54] Chriz745 received 2 LevelXP from CONSOLE. New balance: 2
[31/07/2024 13:38:22] Chriz745 received 1 LevelXP from CONSOLE. New balance: 3
[31/07/2024 13:38:23] Chriz745 received 1 LevelXP from CONSOLE. New balance: 4
[31/07/2024 15:34:01] Chriz745 received 1 LevelXP from CONSOLE. New balance: 5
[31/07/2024 15:38:21] Chriz745 received 1 LevelXP from CONSOLE. New balance: 6
[31/07/2024 15:38:27] Chriz745 received 25 Coins from CONSOLE. New balance: 25&7⛃
[31/07/2024 15:38:31] Chriz745 received 5 Coins from CONSOLE. New balance: 30&7⛃
[31/07/2024 15:38:31] Chriz745 received 2 LevelXP from CONSOLE. New balance: 8
[31/07/2024 15:43:50] Chriz745 received 1 LevelXP from CONSOLE. New balance: 9
[31/07/2024 15:43:52] Chriz745 received 2 LevelXP from CONSOLE. New balance: 11
[31/07/2024 15:44:05] Chriz745 received 1 LevelXP from CONSOLE. New balance: 12
